<?xml version="1.0" encoding="UTF-8"?>
<!-- Generated by org.testng.reporters.JUnitXMLReporter -->
<testsuite hostname="rymtestdeMac-mini.local" name="IPHONE-5S" tests="7" failures="3" timestamp="15 Apr 2016 09:16:18 GMT" time="1889.798" errors="0">
  <testcase name="ClickMsgCenter" time="26.054" classname="com.rym.libarary.testsuits.PersonalCenter_Test"/>
  <testcase name="LoginPersonalCenterByH5" time="48.579" classname="com.rym.libarary.testsuits.PersonalCenter_Test">
    <failure type="java.lang.reflect.InvocationTargetException">
      <![CDATA[java.lang.reflect.InvocationTargetException
	at io.appium.java_client.pagefactory.ElementInterceptor.intercept(ElementInterceptor.java:31)
	at io.appium.java_client.ios.IOSElement$$EnhancerByCGLIB$$55680413.sendKeys(<generated>)
	at com.rym.libarary.base.operateFactory.AppOperate.sendKeys(AppOperate.java:180)
	at com.rym.libarary.business.Login.loginyztByH5(Login.java:44)
	at com.rym.libarary.testsuits.PersonalCenter_Test.LoginPersonalCenterByH5(PersonalCenter_Test.java:28)
Caused by: org.openqa.selenium.WebDriverException: An error occurred while executing user supplied JavaScript. (WARNING: The server did not provide any stacktrace information)
Command duration or timeout: 1.92 seconds
Build info: version: '2.46.0', revision: '87c69e2', time: '2015-06-04 16:17:10'
System info: host: 'rymtestdeMac-mini.local', ip: '10.180.186.64', os.name: 'Mac OS X', os.arch: 'x86_64', os.version: '10.10.5', java.version: '1.8.0_40'
Driver info: io.appium.java_client.ios.IOSDriver
Capabilities [{app=/Users/rymtest/Desktop/app_package/PAAnydoorSDK1130-1108.ipa, appPackage=, networkConnectionEnabled=false, warnings={}, appiumVersion=1.0, databaseEnabled=false, deviceName=娱乐 (2), platform=MAC, appActivity=, desired={app=/Users/rymtest/Desktop/app_package/PAAnydoorSDK1130-1108.ipa, appPackage=, appActivity=, appiumVersion=1.0, platformVersion=9.0, unicodeKeyboard=true, platformName=iOS, udid=8f023bbd000d58e34cfea2fdca1a8901d3123291, deviceName=娱乐 (2), resetKeyboard=true, autoAcceptAlerts=true}, platformVersion=9.0, webStorageEnabled=false, locationContextEnabled=false, browserName=iOS, takesScreenshot=true, javascriptEnabled=true, unicodeKeyboard=true, platformName=iOS, udid=8f023bbd000d58e34cfea2fdca1a8901d3123291, resetKeyboard=true, autoAcceptAlerts=true}]
Session ID: c31dc8f1-fe22-4ef4-ba4d-1b99c8aee2a8
	at org.openqa.selenium.remote.ErrorHandler.createThrowable(ErrorHandler.java:204)
	at org.openqa.selenium.remote.ErrorHandler.throwIfResponseFailed(ErrorHandler.java:156)
	at org.openqa.selenium.remote.RemoteWebDriver.execute(RemoteWebDriver.java:605)
	at io.appium.java_client.DefaultGenericMobileDriver.execute(DefaultGenericMobileDriver.java:27)
	at io.appium.java_client.AppiumDriver.execute(AppiumDriver.java:1)
	at io.appium.java_client.ios.IOSDriver.execute(IOSDriver.java:1)
	at org.openqa.selenium.remote.RemoteWebElement.execute(RemoteWebElement.java:269)
	at io.appium.java_client.DefaultGenericMobileElement.execute(DefaultGenericMobileElement.java:27)
	at io.appium.java_client.MobileElement.execute(MobileElement.java:1)
	at io.appium.java_client.ios.IOSElement.execute(IOSElement.java:1)
	at org.openqa.selenium.remote.RemoteWebElement.sendKeys(RemoteWebElement.java:90)
	... 33 more
... Removed 32 stack frames]]>
    </failure>
  </testcase> <!-- LoginPersonalCenterByH5 -->
  <testcase name="LoginPersonalCenterByH5BeforNoYZT" time="125.799" classname="com.rym.libarary.testsuits.PersonalCenter_Test">
    <failure type="java.lang.reflect.InvocationTargetException">
      <![CDATA[java.lang.reflect.InvocationTargetException
	at io.appium.java_client.pagefactory.ElementInterceptor.intercept(ElementInterceptor.java:31)
	at io.appium.java_client.ios.IOSElement$$EnhancerByCGLIB$$55680413.sendKeys(<generated>)
	at com.rym.libarary.base.operateFactory.AppOperate.sendKeys(AppOperate.java:180)
	at com.rym.libarary.business.Login.loginyztByLow(Login.java:133)
	at com.rym.libarary.testsuits.PersonalCenter_Test.LoginPersonalCenterByH5BeforNoYZT(PersonalCenter_Test.java:82)
Caused by: org.openqa.selenium.WebDriverException: An error occurred while executing user supplied JavaScript. (WARNING: The server did not provide any stacktrace information)
Command duration or timeout: 1.72 seconds
Build info: version: '2.46.0', revision: '87c69e2', time: '2015-06-04 16:17:10'
System info: host: 'rymtestdeMac-mini.local', ip: '10.180.186.64', os.name: 'Mac OS X', os.arch: 'x86_64', os.version: '10.10.5', java.version: '1.8.0_40'
Driver info: io.appium.java_client.ios.IOSDriver
Capabilities [{app=/Users/rymtest/Desktop/app_package/PAAnydoorSDK1130-1108.ipa, appPackage=, networkConnectionEnabled=false, warnings={}, appiumVersion=1.0, databaseEnabled=false, deviceName=娱乐 (2), platform=MAC, appActivity=, desired={app=/Users/rymtest/Desktop/app_package/PAAnydoorSDK1130-1108.ipa, appPackage=, appActivity=, appiumVersion=1.0, platformVersion=9.0, unicodeKeyboard=true, platformName=iOS, udid=8f023bbd000d58e34cfea2fdca1a8901d3123291, deviceName=娱乐 (2), resetKeyboard=true, autoAcceptAlerts=true}, platformVersion=9.0, webStorageEnabled=false, locationContextEnabled=false, browserName=iOS, takesScreenshot=true, javascriptEnabled=true, unicodeKeyboard=true, platformName=iOS, udid=8f023bbd000d58e34cfea2fdca1a8901d3123291, resetKeyboard=true, autoAcceptAlerts=true}]
Session ID: c31dc8f1-fe22-4ef4-ba4d-1b99c8aee2a8
	at org.openqa.selenium.remote.ErrorHandler.createThrowable(ErrorHandler.java:204)
	at org.openqa.selenium.remote.ErrorHandler.throwIfResponseFailed(ErrorHandler.java:156)
	at org.openqa.selenium.remote.RemoteWebDriver.execute(RemoteWebDriver.java:605)
	at io.appium.java_client.DefaultGenericMobileDriver.execute(DefaultGenericMobileDriver.java:27)
	at io.appium.java_client.AppiumDriver.execute(AppiumDriver.java:1)
	at io.appium.java_client.ios.IOSDriver.execute(IOSDriver.java:1)
	at org.openqa.selenium.remote.RemoteWebElement.execute(RemoteWebElement.java:269)
	at io.appium.java_client.DefaultGenericMobileElement.execute(DefaultGenericMobileElement.java:27)
	at io.appium.java_client.MobileElement.execute(MobileElement.java:1)
	at io.appium.java_client.ios.IOSElement.execute(IOSElement.java:1)
	at org.openqa.selenium.remote.RemoteWebElement.sendKeys(RemoteWebElement.java:90)
	... 33 more
... Removed 32 stack frames]]>
    </failure>
  </testcase> <!-- LoginPersonalCenterByH5BeforNoYZT -->
  <testcase name="LoginPersonalCenterByHost" time="89.626" classname="com.rym.libarary.testsuits.PersonalCenter_Test"/>
  <testcase name="LoginPersonalCenterByHostYZT" time="88.316" classname="com.rym.libarary.testsuits.PersonalCenter_Test"/>
  <testcase name="LoginTimeout" time="1089.588" classname="com.rym.libarary.testsuits.PersonalCenter_Test"/>
  <testcase name="LoginYztTimeout" time="49.211" classname="com.rym.libarary.testsuits.PersonalCenter_Test">
    <failure type="java.lang.reflect.InvocationTargetException">
      <![CDATA[java.lang.reflect.InvocationTargetException
	at io.appium.java_client.pagefactory.ElementInterceptor.intercept(ElementInterceptor.java:31)
	at io.appium.java_client.ios.IOSElement$$EnhancerByCGLIB$$55680413.sendKeys(<generated>)
	at com.rym.libarary.base.operateFactory.AppOperate.sendKeys(AppOperate.java:180)
	at com.rym.libarary.business.Login.loginyztByH5(Login.java:44)
	at com.rym.libarary.testsuits.PersonalCenter_Test.LoginYztTimeout(PersonalCenter_Test.java:122)
Caused by: org.openqa.selenium.WebDriverException: An error occurred while executing user supplied JavaScript. (WARNING: The server did not provide any stacktrace information)
Command duration or timeout: 1.97 seconds
Build info: version: '2.46.0', revision: '87c69e2', time: '2015-06-04 16:17:10'
System info: host: 'rymtestdeMac-mini.local', ip: '10.180.186.64', os.name: 'Mac OS X', os.arch: 'x86_64', os.version: '10.10.5', java.version: '1.8.0_40'
Driver info: io.appium.java_client.ios.IOSDriver
Capabilities [{app=/Users/rymtest/Desktop/app_package/PAAnydoorSDK1130-1108.ipa, appPackage=, networkConnectionEnabled=false, warnings={}, appiumVersion=1.0, databaseEnabled=false, deviceName=娱乐 (2), platform=MAC, appActivity=, desired={app=/Users/rymtest/Desktop/app_package/PAAnydoorSDK1130-1108.ipa, appPackage=, appActivity=, appiumVersion=1.0, platformVersion=9.0, unicodeKeyboard=true, platformName=iOS, udid=8f023bbd000d58e34cfea2fdca1a8901d3123291, deviceName=娱乐 (2), resetKeyboard=true, autoAcceptAlerts=true}, platformVersion=9.0, webStorageEnabled=false, locationContextEnabled=false, browserName=iOS, takesScreenshot=true, javascriptEnabled=true, unicodeKeyboard=true, platformName=iOS, udid=8f023bbd000d58e34cfea2fdca1a8901d3123291, resetKeyboard=true, autoAcceptAlerts=true}]
Session ID: c31dc8f1-fe22-4ef4-ba4d-1b99c8aee2a8
	at org.openqa.selenium.remote.ErrorHandler.createThrowable(ErrorHandler.java:204)
	at org.openqa.selenium.remote.ErrorHandler.throwIfResponseFailed(ErrorHandler.java:156)
	at org.openqa.selenium.remote.RemoteWebDriver.execute(RemoteWebDriver.java:605)
	at io.appium.java_client.DefaultGenericMobileDriver.execute(DefaultGenericMobileDriver.java:27)
	at io.appium.java_client.AppiumDriver.execute(AppiumDriver.java:1)
	at io.appium.java_client.ios.IOSDriver.execute(IOSDriver.java:1)
	at org.openqa.selenium.remote.RemoteWebElement.execute(RemoteWebElement.java:269)
	at io.appium.java_client.DefaultGenericMobileElement.execute(DefaultGenericMobileElement.java:27)
	at io.appium.java_client.MobileElement.execute(MobileElement.java:1)
	at io.appium.java_client.ios.IOSElement.execute(IOSElement.java:1)
	at org.openqa.selenium.remote.RemoteWebElement.sendKeys(RemoteWebElement.java:90)
	... 33 more
... Removed 32 stack frames]]>
    </failure>
  </testcase> <!-- LoginYztTimeout -->
</testsuite> <!-- IPHONE-5S -->
