<?xml version="1.0" encoding="UTF-8"?>
<testng-results skipped="0" failed="3" total="7" passed="4">
  <reporter-output>
    <line>
      <![CDATA[2016-04-15 16:45:26 : [INFO] [Wait For Text : [确定]] ]]>
    </line>
    <line>
      <![CDATA[2016-04-15 16:45:43 : [INFO] [点击 -> name: AppId]]]>
    </line>
    <line>
      <![CDATA[2016-04-15 16:45:47 : [INFO] [点击 -> name: 养老险E企赢]]]>
    </line>
    <line>
      <![CDATA[2016-04-15 16:45:51 : [INFO] [点击 -> name: 进入页面]]]>
    </line>
    <line>
      <![CDATA[2016-04-15 16:46:00 : [STEP] 个人中心用例1-5 插件不配置强登， 例如消息中心 开始跑]]>
    </line>
    <line>
      <![CDATA[2016-04-15 16:46:00 : [INFO] 模拟向右滑动]]>
    </line>
    <line>
      <![CDATA[2016-04-15 16:46:05 : [INFO] [Wait For Text : [消息中心]] ]]>
    </line>
    <line>
      <![CDATA[2016-04-15 16:46:14 : [INFO] [点击 -> name: 消息中心]]]>
    </line>
    <line>
      <![CDATA[2016-04-15 16:46:20 : [INFO] [Wait For Text : [重要]] ]]>
    </line>
    <line>
      <![CDATA[2016-04-15 16:46:26 : [INFO] 个人中心用例1-5 插件不配置强登， 例如消息中心 测试通过]]>
    </line>
    <line>
      <![CDATA[2016-04-15 16:46:26 : [INFO] [Wait For Text : [htmlbackhome]] ]]>
    </line>
    <line>
      <![CDATA[2016-04-15 16:46:32 : [INFO] [Wait For Text : [closeButton]] ]]>
    </line>
    <line>
      <![CDATA[2016-04-15 16:46:38 : [INFO] [点击 -> name: closeButton]]]>
    </line>
    <line>
      <![CDATA[2016-04-15 16:46:51 : [INFO] 当前页面插件个数为：0]]>
    </line>
    <line>
      <![CDATA[2016-04-15 16:46:51 : [INFO] 在左屏，屏幕向左滑动回到主屏]]>
    </line>
    <line>
      <![CDATA[2016-04-15 16:46:51 : [INFO] 模拟向左滑动]]>
    </line>
    <line>
      <![CDATA[2016-04-15 16:46:57 : [INFO] 找到［回到主屏］，点击回到主屏]]>
    </line>
    <line>
      <![CDATA[2016-04-15 16:47:01 : [INFO] 点击无用户体系，恢复用户体系状态]]>
    </line>
    <line>
      <![CDATA[2016-04-15 16:47:04 : [STEP] 个人中心用例1-1-2（插件为强登，用户未登陆），模拟h5一账通登录 开始跑]]>
    </line>
    <line>
      <![CDATA[2016-04-15 16:47:04 : [INFO] 模拟向右滑动]]>
    </line>
    <line>
      <![CDATA[2016-04-15 16:47:09 : [INFO] [Wait For Text : [新个人中心]] ]]>
    </line>
    <line>
      <![CDATA[2016-04-15 16:47:18 : [INFO] [点击 -> name: 新个人中心]]]>
    </line>
    <line>
      <![CDATA[2016-04-15 16:47:24 : [INFO] [Wait For Text : [一账通号/手机号/身份证号/邮箱]] ]]>
    </line>
    <line>
      <![CDATA[2016-04-15 16:47:29 : [INFO] 已弹出登录]]>
    </line>
    <line>
      <![CDATA[2016-04-15 16:47:35 : [INFO] [点击 -> xpath: //*[@value='一账通号/手机号/身份证号/邮箱']]]]>
    </line>
    <line>
      <![CDATA[2016-04-15 16:47:47 : [INFO] [输入字符 -> xpath: //*[@value='一账通号/手机号/身份证号/邮箱']]]]>
    </line>
    <line>
      <![CDATA[2016-04-15 16:47:52 : [INFO] [Wait For Text : [htmlbackhome]] ]]>
    </line>
    <line>
      <![CDATA[2016-04-15 16:47:58 : [INFO] [Wait For Text : [closeButton]] ]]>
    </line>
    <line>
      <![CDATA[2016-04-15 16:48:04 : [INFO] [点击 -> name: closeButton]]]>
    </line>
    <line>
      <![CDATA[2016-04-15 16:48:17 : [INFO] 当前页面插件个数为：0]]>
    </line>
    <line>
      <![CDATA[2016-04-15 16:48:17 : [INFO] 在左屏，屏幕向左滑动回到主屏]]>
    </line>
    <line>
      <![CDATA[2016-04-15 16:48:17 : [INFO] 模拟向左滑动]]>
    </line>
    <line>
      <![CDATA[2016-04-15 16:48:24 : [INFO] 找到［回到主屏］，点击回到主屏]]>
    </line>
    <line>
      <![CDATA[2016-04-15 16:48:28 : [INFO] 点击无用户体系，恢复用户体系状态]]>
    </line>
    <line>
      <![CDATA[2016-04-15 16:48:30 : [STEP] 个人中心用例1-2（插件为强登，用户非一账通登陆），模拟H5低门槛一账通登录 开始跑]]>
    </line>
    <line>
      <![CDATA[2016-04-15 16:48:30 : [INFO] [Wait For Text : [非一账通]] ]]>
    </line>
    <line>
      <![CDATA[2016-04-15 16:48:37 : [INFO] [点击 -> name: 非一账通]]]>
    </line>
    <line>
      <![CDATA[2016-04-15 16:48:41 : [INFO] [点击 -> name: 宿主登陆]]]>
    </line>
    <line>
      <![CDATA[2016-04-15 16:48:43 : [INFO] [Wait For Text : [返回]] ]]>
    </line>
    <line>
      <![CDATA[2016-04-15 16:48:52 : [INFO] [点击 -> name: 选择登陆用户]]]>
    </line>
    <line>
      <![CDATA[2016-04-15 16:48:59 : [INFO] [输入字符 -> xpath: //UIAPickerWheel]]]>
    </line>
    <line>
      <![CDATA[2016-04-15 16:49:01 : [INFO] [点击 -> name: 确认]]]>
    </line>
    <line>
      <![CDATA[2016-04-15 16:49:05 : [INFO] [点击 -> name: 登陆]]]>
    </line>
    <line>
      <![CDATA[2016-04-15 16:49:28 : [INFO] [Wait For Text : [rymtest001]] ]]>
    </line>
    <line>
      <![CDATA[2016-04-15 16:49:33 : [INFO] 没有返回按钮]]>
    </line>
    <line>
      <![CDATA[2016-04-15 16:49:34 : [INFO] 模拟向右滑动]]>
    </line>
    <line>
      <![CDATA[2016-04-15 16:49:39 : [INFO] [Wait For Text : [新个人中心]] ]]>
    </line>
    <line>
      <![CDATA[2016-04-15 16:49:49 : [INFO] [点击 -> name: 新个人中心]]]>
    </line>
    <line>
      <![CDATA[2016-04-15 16:49:55 : [INFO] [Wait For Text : [密码登录]] ]]>
    </line>
    <line>
      <![CDATA[2016-04-15 16:50:00 : [INFO] 已弹出登录]]>
    </line>
    <line>
      <![CDATA[2016-04-15 16:50:03 : [INFO] [点击 -> xpath: //UIALink[@name='密码登录']]]]>
    </line>
    <line>
      <![CDATA[2016-04-15 16:50:09 : [INFO] [Wait For Text : [注册账号]] ]]>
    </line>
    <line>
      <![CDATA[2016-04-15 16:50:20 : [INFO] [点击 -> xpath: //*[@value='请输入您的账号']]]]>
    </line>
    <line>
      <![CDATA[2016-04-15 16:50:31 : [INFO] [输入字符 -> xpath: //*[@value='请输入您的账号']]]]>
    </line>
    <line>
      <![CDATA[2016-04-15 16:50:36 : [INFO] [Wait For Text : [htmlbackhome]] ]]>
    </line>
    <line>
      <![CDATA[2016-04-15 16:50:41 : [INFO] [Wait For Text : [closeButton]] ]]>
    </line>
    <line>
      <![CDATA[2016-04-15 16:50:48 : [INFO] [点击 -> name: closeButton]]]>
    </line>
    <line>
      <![CDATA[2016-04-15 16:51:00 : [INFO] 当前页面插件个数为：0]]>
    </line>
    <line>
      <![CDATA[2016-04-15 16:51:00 : [INFO] 在左屏，屏幕向左滑动回到主屏]]>
    </line>
    <line>
      <![CDATA[2016-04-15 16:51:00 : [INFO] 模拟向左滑动]]>
    </line>
    <line>
      <![CDATA[2016-04-15 16:51:07 : [INFO] 找到［回到主屏］，点击回到主屏]]>
    </line>
    <line>
      <![CDATA[2016-04-15 16:51:11 : [INFO] 点击无用户体系，恢复用户体系状态]]>
    </line>
    <line>
      <![CDATA[2016-04-15 16:51:14 : [STEP] 个人中心用例1-1-1（插件为强登，用户未登陆），模拟宿主一账通登录 开始跑]]>
    </line>
    <line>
      <![CDATA[2016-04-15 16:51:14 : [INFO] [Wait For Text : [一账通]] ]]>
    </line>
    <line>
      <![CDATA[2016-04-15 16:51:20 : [INFO] [点击 -> name: 一账通]]]>
    </line>
    <line>
      <![CDATA[2016-04-15 16:51:22 : [INFO] 模拟向右滑动]]>
    </line>
    <line>
      <![CDATA[2016-04-15 16:51:27 : [INFO] [Wait For Text : [新个人中心]] ]]>
    </line>
    <line>
      <![CDATA[2016-04-15 16:51:36 : [INFO] [点击 -> name: 新个人中心]]]>
    </line>
    <line>
      <![CDATA[2016-04-15 16:51:42 : [INFO] [Wait For Text : [返回]] ]]>
    </line>
    <line>
      <![CDATA[2016-04-15 16:51:53 : [INFO] [点击 -> name: 选择登陆用户]]]>
    </line>
    <line>
      <![CDATA[2016-04-15 16:52:02 : [INFO] [输入字符 -> xpath: //UIAPickerWheel]]]>
    </line>
    <line>
      <![CDATA[2016-04-15 16:52:05 : [INFO] [点击 -> name: 确认]]]>
    </line>
    <line>
      <![CDATA[2016-04-15 16:52:10 : [INFO] [点击 -> name: 登陆]]]>
    </line>
    <line>
      <![CDATA[2016-04-15 16:52:23 : [INFO] [Wait For Text : [选择]] ]]>
    </line>
    <line>
      <![CDATA[2016-04-15 16:52:43 : [INFO] 个人中心用例1-1-1（插件为强登，用户未登陆），模拟宿主一账通登录 案例成功跑完]]>
    </line>
    <line>
      <![CDATA[2016-04-15 16:52:43 : [INFO] [Wait For Text : [htmlbackhome]] ]]>
    </line>
    <line>
      <![CDATA[2016-04-15 16:52:48 : [INFO] [Wait For Text : [closeButton]] ]]>
    </line>
    <line>
      <![CDATA[2016-04-15 16:52:55 : [INFO] [点击 -> name: closeButton]]]>
    </line>
    <line>
      <![CDATA[2016-04-15 16:53:07 : [INFO] 当前页面插件个数为：0]]>
    </line>
    <line>
      <![CDATA[2016-04-15 16:53:07 : [INFO] 在左屏，屏幕向左滑动回到主屏]]>
    </line>
    <line>
      <![CDATA[2016-04-15 16:53:07 : [INFO] 模拟向左滑动]]>
    </line>
    <line>
      <![CDATA[2016-04-15 16:53:14 : [INFO] 找到［回到主屏］，点击回到主屏]]>
    </line>
    <line>
      <![CDATA[2016-04-15 16:53:18 : [INFO] 点击无用户体系，恢复用户体系状态]]>
    </line>
    <line>
      <![CDATA[2016-04-15 16:53:20 : [STEP]  个人中心用例1-3（插件为强登，用户一账通登陆），模拟宿主一账通登录 开始跑]]>
    </line>
    <line>
      <![CDATA[2016-04-15 16:53:20 : [INFO] [Wait For Text : [一账通]] ]]>
    </line>
    <line>
      <![CDATA[2016-04-15 16:53:27 : [INFO] [点击 -> name: 一账通]]]>
    </line>
    <line>
      <![CDATA[2016-04-15 16:53:31 : [INFO] [点击 -> name: 宿主登陆]]]>
    </line>
    <line>
      <![CDATA[2016-04-15 16:53:33 : [INFO] [Wait For Text : [返回]] ]]>
    </line>
    <line>
      <![CDATA[2016-04-15 16:53:42 : [INFO] [点击 -> name: 选择登陆用户]]]>
    </line>
    <line>
      <![CDATA[2016-04-15 16:53:48 : [INFO] [输入字符 -> xpath: //UIAPickerWheel]]]>
    </line>
    <line>
      <![CDATA[2016-04-15 16:53:50 : [INFO] [点击 -> name: 确认]]]>
    </line>
    <line>
      <![CDATA[2016-04-15 16:53:54 : [INFO] [点击 -> name: 登陆]]]>
    </line>
    <line>
      <![CDATA[2016-04-15 16:54:17 : [INFO] [Wait For Text : [rymtest001]] ]]>
    </line>
    <line>
      <![CDATA[2016-04-15 16:54:23 : [INFO] 模拟向右滑动]]>
    </line>
    <line>
      <![CDATA[2016-04-15 16:54:28 : [INFO] [Wait For Text : [测试]] ]]>
    </line>
    <line>
      <![CDATA[2016-04-15 16:54:37 : [INFO] [点击 -> name: 测试]]]>
    </line>
    <line>
      <![CDATA[2016-04-15 16:54:43 : [INFO] [Wait For Text : [我的订单]] ]]>
    </line>
    <line>
      <![CDATA[2016-04-15 16:54:48 : [INFO] 个人中心用例1-3（插件为强登，用户一账通登陆），模拟宿主一账通登录 测试通过]]>
    </line>
    <line>
      <![CDATA[2016-04-15 16:54:48 : [INFO] [Wait For Text : [htmlbackhome]] ]]>
    </line>
    <line>
      <![CDATA[2016-04-15 16:54:56 : [INFO] 进入点击htmlbackhome状态...]]>
    </line>
    <line>
      <![CDATA[2016-04-15 16:54:57 : [INFO] [点击 -> name: htmlbackhome]]]>
    </line>
    <line>
      <![CDATA[2016-04-15 16:55:01 : [INFO] [Wait For Text : [htmlbackhome]] ]]>
    </line>
    <line>
      <![CDATA[2016-04-15 16:55:07 : [INFO] [点击 -> name: htmlbackhome]]]>
    </line>
    <line>
      <![CDATA[2016-04-15 16:55:09 : [INFO] [Wait For Text : [closeButton]] ]]>
    </line>
    <line>
      <![CDATA[2016-04-15 16:55:28 : [INFO] 当前页面插件个数为：0]]>
    </line>
    <line>
      <![CDATA[2016-04-15 16:55:28 : [INFO] 在左屏，屏幕向左滑动回到主屏]]>
    </line>
    <line>
      <![CDATA[2016-04-15 16:55:28 : [INFO] 模拟向左滑动]]>
    </line>
    <line>
      <![CDATA[2016-04-15 16:55:34 : [INFO] 找到［回到主屏］，点击回到主屏]]>
    </line>
    <line>
      <![CDATA[2016-04-15 16:55:38 : [INFO] 点击无用户体系，恢复用户体系状态]]>
    </line>
    <line>
      <![CDATA[2016-04-15 16:55:41 : [STEP]  个人中心用例1-4-2（插件为强登，用户未登陆），超时后点击 开始跑]]>
    </line>
    <line>
      <![CDATA[2016-04-15 16:55:43 : [INFO] ［向下滑动］]]>
    </line>
    <line>
      <![CDATA[2016-04-15 16:55:58 : [INFO] ［向下滑动］]]>
    </line>
    <line>
      <![CDATA[2016-04-15 16:56:13 : [INFO] ［向下滑动］]]>
    </line>
    <line>
      <![CDATA[2016-04-15 16:56:28 : [INFO] ［向下滑动］]]>
    </line>
    <line>
      <![CDATA[2016-04-15 16:56:43 : [INFO] ［向下滑动］]]>
    </line>
    <line>
      <![CDATA[2016-04-15 16:56:58 : [INFO] ［向下滑动］]]>
    </line>
    <line>
      <![CDATA[2016-04-15 16:57:14 : [INFO] ［向下滑动］]]>
    </line>
    <line>
      <![CDATA[2016-04-15 16:57:29 : [INFO] ［向下滑动］]]>
    </line>
    <line>
      <![CDATA[2016-04-15 16:57:44 : [INFO] ［向下滑动］]]>
    </line>
    <line>
      <![CDATA[2016-04-15 16:57:59 : [INFO] ［向下滑动］]]>
    </line>
    <line>
      <![CDATA[2016-04-15 16:58:15 : [INFO] ［向下滑动］]]>
    </line>
    <line>
      <![CDATA[2016-04-15 16:58:30 : [INFO] ［向下滑动］]]>
    </line>
    <line>
      <![CDATA[2016-04-15 16:58:45 : [INFO] ［向下滑动］]]>
    </line>
    <line>
      <![CDATA[2016-04-15 16:59:00 : [INFO] ［向下滑动］]]>
    </line>
    <line>
      <![CDATA[2016-04-15 16:59:15 : [INFO] ［向下滑动］]]>
    </line>
    <line>
      <![CDATA[2016-04-15 16:59:30 : [INFO] ［向下滑动］]]>
    </line>
    <line>
      <![CDATA[2016-04-15 16:59:46 : [INFO] ［向下滑动］]]>
    </line>
    <line>
      <![CDATA[2016-04-15 17:00:01 : [INFO] ［向下滑动］]]>
    </line>
    <line>
      <![CDATA[2016-04-15 17:00:16 : [INFO] ［向下滑动］]]>
    </line>
    <line>
      <![CDATA[2016-04-15 17:00:31 : [INFO] ［向下滑动］]]>
    </line>
    <line>
      <![CDATA[2016-04-15 17:00:47 : [INFO] ［向下滑动］]]>
    </line>
    <line>
      <![CDATA[2016-04-15 17:01:02 : [INFO] ［向下滑动］]]>
    </line>
    <line>
      <![CDATA[2016-04-15 17:01:17 : [INFO] ［向下滑动］]]>
    </line>
    <line>
      <![CDATA[2016-04-15 17:01:32 : [INFO] ［向下滑动］]]>
    </line>
    <line>
      <![CDATA[2016-04-15 17:01:47 : [INFO] ［向下滑动］]]>
    </line>
    <line>
      <![CDATA[2016-04-15 17:02:03 : [INFO] ［向下滑动］]]>
    </line>
    <line>
      <![CDATA[2016-04-15 17:02:18 : [INFO] ［向下滑动］]]>
    </line>
    <line>
      <![CDATA[2016-04-15 17:02:33 : [INFO] ［向下滑动］]]>
    </line>
    <line>
      <![CDATA[2016-04-15 17:02:48 : [INFO] ［向下滑动］]]>
    </line>
    <line>
      <![CDATA[2016-04-15 17:03:03 : [INFO] ［向下滑动］]]>
    </line>
    <line>
      <![CDATA[2016-04-15 17:03:18 : [INFO] ［向下滑动］]]>
    </line>
    <line>
      <![CDATA[2016-04-15 17:03:34 : [INFO] ［向下滑动］]]>
    </line>
    <line>
      <![CDATA[2016-04-15 17:03:49 : [INFO] ［向下滑动］]]>
    </line>
    <line>
      <![CDATA[2016-04-15 17:04:04 : [INFO] ［向下滑动］]]>
    </line>
    <line>
      <![CDATA[2016-04-15 17:04:19 : [INFO] ［向下滑动］]]>
    </line>
    <line>
      <![CDATA[2016-04-15 17:04:35 : [INFO] ［向下滑动］]]>
    </line>
    <line>
      <![CDATA[2016-04-15 17:04:50 : [INFO] ［向下滑动］]]>
    </line>
    <line>
      <![CDATA[2016-04-15 17:05:05 : [INFO] ［向下滑动］]]>
    </line>
    <line>
      <![CDATA[2016-04-15 17:05:20 : [INFO] ［向下滑动］]]>
    </line>
    <line>
      <![CDATA[2016-04-15 17:05:35 : [INFO] ［向下滑动］]]>
    </line>
    <line>
      <![CDATA[2016-04-15 17:05:51 : [INFO] ［向下滑动］]]>
    </line>
    <line>
      <![CDATA[2016-04-15 17:06:06 : [INFO] ［向下滑动］]]>
    </line>
    <line>
      <![CDATA[2016-04-15 17:06:21 : [INFO] ［向下滑动］]]>
    </line>
    <line>
      <![CDATA[2016-04-15 17:06:36 : [INFO] ［向下滑动］]]>
    </line>
    <line>
      <![CDATA[2016-04-15 17:06:51 : [INFO] ［向下滑动］]]>
    </line>
    <line>
      <![CDATA[2016-04-15 17:07:07 : [INFO] ［向下滑动］]]>
    </line>
    <line>
      <![CDATA[2016-04-15 17:07:22 : [INFO] ［向下滑动］]]>
    </line>
    <line>
      <![CDATA[2016-04-15 17:07:37 : [INFO] ［向下滑动］]]>
    </line>
    <line>
      <![CDATA[2016-04-15 17:07:52 : [INFO] ［向下滑动］]]>
    </line>
    <line>
      <![CDATA[2016-04-15 17:08:07 : [INFO] ［向下滑动］]]>
    </line>
    <line>
      <![CDATA[2016-04-15 17:08:22 : [INFO] ［向下滑动］]]>
    </line>
    <line>
      <![CDATA[2016-04-15 17:08:38 : [INFO] ［向下滑动］]]>
    </line>
    <line>
      <![CDATA[2016-04-15 17:08:53 : [INFO] ［向下滑动］]]>
    </line>
    <line>
      <![CDATA[2016-04-15 17:09:08 : [INFO] ［向下滑动］]]>
    </line>
    <line>
      <![CDATA[2016-04-15 17:09:23 : [INFO] ［向下滑动］]]>
    </line>
    <line>
      <![CDATA[2016-04-15 17:09:39 : [INFO] ［向下滑动］]]>
    </line>
    <line>
      <![CDATA[2016-04-15 17:09:54 : [INFO] ［向下滑动］]]>
    </line>
    <line>
      <![CDATA[2016-04-15 17:10:09 : [INFO] ［向下滑动］]]>
    </line>
    <line>
      <![CDATA[2016-04-15 17:10:24 : [INFO] ［向下滑动］]]>
    </line>
    <line>
      <![CDATA[2016-04-15 17:10:39 : [INFO] ［向下滑动］]]>
    </line>
    <line>
      <![CDATA[2016-04-15 17:10:54 : [INFO] ［向下滑动］]]>
    </line>
    <line>
      <![CDATA[2016-04-15 17:11:10 : [INFO] ［向下滑动］]]>
    </line>
    <line>
      <![CDATA[2016-04-15 17:11:25 : [INFO] ［向下滑动］]]>
    </line>
    <line>
      <![CDATA[2016-04-15 17:11:40 : [INFO] ［向下滑动］]]>
    </line>
    <line>
      <![CDATA[2016-04-15 17:11:55 : [INFO] ［向下滑动］]]>
    </line>
    <line>
      <![CDATA[2016-04-15 17:12:10 : [INFO] ［向下滑动］]]>
    </line>
    <line>
      <![CDATA[2016-04-15 17:12:26 : [INFO] ［向下滑动］]]>
    </line>
    <line>
      <![CDATA[2016-04-15 17:12:41 : [INFO] ［向下滑动］]]>
    </line>
    <line>
      <![CDATA[2016-04-15 17:12:56 : [INFO] ［向下滑动］]]>
    </line>
    <line>
      <![CDATA[2016-04-15 17:13:11 : [INFO] ［向下滑动］]]>
    </line>
    <line>
      <![CDATA[2016-04-15 17:13:24 : [INFO] 模拟向右滑动]]>
    </line>
    <line>
      <![CDATA[2016-04-15 17:13:30 : [INFO] [Wait For Text : [新个人中心]] ]]>
    </line>
    <line>
      <![CDATA[2016-04-15 17:13:39 : [INFO] [点击 -> name: 新个人中心]]]>
    </line>
    <line>
      <![CDATA[2016-04-15 17:13:45 : [INFO] [Wait For Text : [一账通号/手机号/身份证号/邮箱]] ]]>
    </line>
    <line>
      <![CDATA[2016-04-15 17:13:50 : [INFO] 个人中心用例1-4-2（插件为强登，用户未登陆），超时后点击 测试通过]]>
    </line>
    <line>
      <![CDATA[2016-04-15 17:13:50 : [INFO] [Wait For Text : [htmlbackhome]] ]]>
    </line>
    <line>
      <![CDATA[2016-04-15 17:13:55 : [INFO] [Wait For Text : [closeButton]] ]]>
    </line>
    <line>
      <![CDATA[2016-04-15 17:14:01 : [INFO] [点击 -> name: closeButton]]]>
    </line>
    <line>
      <![CDATA[2016-04-15 17:14:37 : [INFO] 当前页面插件个数为：0]]>
    </line>
    <line>
      <![CDATA[2016-04-15 17:14:37 : [INFO] 在左屏，屏幕向左滑动回到主屏]]>
    </line>
    <line>
      <![CDATA[2016-04-15 17:14:37 : [INFO] 模拟向左滑动]]>
    </line>
    <line>
      <![CDATA[2016-04-15 17:14:44 : [INFO] 找到［回到主屏］，点击回到主屏]]>
    </line>
    <line>
      <![CDATA[2016-04-15 17:14:48 : [INFO] 点击无用户体系，恢复用户体系状态]]>
    </line>
    <line>
      <![CDATA[2016-04-15 17:14:50 : [STEP]  个人中心用例1-4-1（插件为强登，用户已登陆），超时后点击 开始跑]]>
    </line>
    <line>
      <![CDATA[2016-04-15 17:14:50 : [INFO] 模拟向右滑动]]>
    </line>
    <line>
      <![CDATA[2016-04-15 17:14:56 : [INFO] [Wait For Text : [新个人中心]] ]]>
    </line>
    <line>
      <![CDATA[2016-04-15 17:15:05 : [INFO] [点击 -> name: 新个人中心]]]>
    </line>
    <line>
      <![CDATA[2016-04-15 17:15:11 : [INFO] [Wait For Text : [一账通号/手机号/身份证号/邮箱]] ]]>
    </line>
    <line>
      <![CDATA[2016-04-15 17:15:16 : [INFO] 已弹出登录]]>
    </line>
    <line>
      <![CDATA[2016-04-15 17:15:22 : [INFO] [点击 -> xpath: //*[@value='一账通号/手机号/身份证号/邮箱']]]]>
    </line>
    <line>
      <![CDATA[2016-04-15 17:15:34 : [INFO] [输入字符 -> xpath: //*[@value='一账通号/手机号/身份证号/邮箱']]]]>
    </line>
    <line>
      <![CDATA[2016-04-15 17:15:40 : [INFO] [Wait For Text : [htmlbackhome]] ]]>
    </line>
    <line>
      <![CDATA[2016-04-15 17:15:45 : [INFO] [Wait For Text : [closeButton]] ]]>
    </line>
    <line>
      <![CDATA[2016-04-15 17:15:52 : [INFO] [点击 -> name: closeButton]]]>
    </line>
    <line>
      <![CDATA[2016-04-15 17:16:05 : [INFO] 当前页面插件个数为：0]]>
    </line>
    <line>
      <![CDATA[2016-04-15 17:16:05 : [INFO] 在左屏，屏幕向左滑动回到主屏]]>
    </line>
    <line>
      <![CDATA[2016-04-15 17:16:05 : [INFO] 模拟向左滑动]]>
    </line>
    <line>
      <![CDATA[2016-04-15 17:16:11 : [INFO] 找到［回到主屏］，点击回到主屏]]>
    </line>
    <line>
      <![CDATA[2016-04-15 17:16:15 : [INFO] 点击无用户体系，恢复用户体系状态]]>
    </line>
  </reporter-output>
  <suite name="ipod-jianghongbo720" duration-ms="1889798" started-at="2016-04-15T08:44:48Z" finished-at="2016-04-15T09:16:18Z">
    <groups>
      <group name="p1">
        <method signature="PersonalCenter_Test.ClickMsgCenter(java.lang.String)[pri:0, instance:com.rym.libarary.testsuits.PersonalCenter_Test@2344fc66]" name="ClickMsgCenter" class="com.rym.libarary.testsuits.PersonalCenter_Test"/>
        <method signature="PersonalCenter_Test.LoginPersonalCenterByH5(java.lang.String, java.lang.String, java.lang.String)[pri:0, instance:com.rym.libarary.testsuits.PersonalCenter_Test@2344fc66]" name="LoginPersonalCenterByH5" class="com.rym.libarary.testsuits.PersonalCenter_Test"/>
        <method signature="PersonalCenter_Test.LoginPersonalCenterByH5BeforNoYZT(java.lang.String, java.lang.String, java.lang.String, java.lang.String)[pri:0, instance:com.rym.libarary.testsuits.PersonalCenter_Test@2344fc66]" name="LoginPersonalCenterByH5BeforNoYZT" class="com.rym.libarary.testsuits.PersonalCenter_Test"/>
        <method signature="PersonalCenter_Test.LoginPersonalCenterByHost(java.lang.String, java.lang.String)[pri:0, instance:com.rym.libarary.testsuits.PersonalCenter_Test@2344fc66]" name="LoginPersonalCenterByHost" class="com.rym.libarary.testsuits.PersonalCenter_Test"/>
        <method signature="PersonalCenter_Test.LoginPersonalCenterByHostYZT(java.lang.String, java.lang.String)[pri:0, instance:com.rym.libarary.testsuits.PersonalCenter_Test@2344fc66]" name="LoginPersonalCenterByHostYZT" class="com.rym.libarary.testsuits.PersonalCenter_Test"/>
        <method signature="PersonalCenter_Test.LoginTimeout(java.lang.String)[pri:0, instance:com.rym.libarary.testsuits.PersonalCenter_Test@2344fc66]" name="LoginTimeout" class="com.rym.libarary.testsuits.PersonalCenter_Test"/>
        <method signature="PersonalCenter_Test.LoginYztTimeout(java.lang.String, java.lang.String, java.lang.String)[pri:0, instance:com.rym.libarary.testsuits.PersonalCenter_Test@2344fc66]" name="LoginYztTimeout" class="com.rym.libarary.testsuits.PersonalCenter_Test"/>
      </group> <!-- p1 -->
    </groups>
    <test name="IPHONE-5S" duration-ms="1889798" started-at="2016-04-15T08:44:48Z" finished-at="2016-04-15T09:16:18Z">
      <class name="com.rym.libarary.testsuits.PersonalCenter_Test">
        <test-method status="PASS" signature="ClickMsgCenter(java.lang.String)[pri:0, instance:com.rym.libarary.testsuits.PersonalCenter_Test@2344fc66]" name="ClickMsgCenter" duration-ms="26054" started-at="2016-04-15T16:46:00Z" finished-at="2016-04-15T16:46:26Z">
          <params>
            <param index="0">
              <value>
                <![CDATA[消息中心]]>
              </value>
            </param>
          </params>
          <reporter-output>
            <line>
              <![CDATA[2016-04-15 16:46:00 : [STEP] 个人中心用例1-5 插件不配置强登， 例如消息中心 开始跑]]>
            </line>
            <line>
              <![CDATA[2016-04-15 16:46:00 : [INFO] 模拟向右滑动]]>
            </line>
            <line>
              <![CDATA[2016-04-15 16:46:05 : [INFO] [Wait For Text : [消息中心]] ]]>
            </line>
            <line>
              <![CDATA[2016-04-15 16:46:14 : [INFO] [点击 -> name: 消息中心]]]>
            </line>
            <line>
              <![CDATA[2016-04-15 16:46:20 : [INFO] [Wait For Text : [重要]] ]]>
            </line>
            <line>
              <![CDATA[2016-04-15 16:46:26 : [INFO] 个人中心用例1-5 插件不配置强登， 例如消息中心 测试通过]]>
            </line>
          </reporter-output>
        </test-method> <!-- ClickMsgCenter -->
        <test-method status="PASS" signature="afterTest()[pri:0, instance:com.rym.libarary.testsuits.PersonalCenter_Test@2344fc66]" name="afterTest" is-config="true" duration-ms="37408" started-at="2016-04-15T16:46:26Z" finished-at="2016-04-15T16:47:04Z">
          <reporter-output>
            <line>
              <![CDATA[2016-04-15 16:46:26 : [INFO] [Wait For Text : [htmlbackhome]] ]]>
            </line>
            <line>
              <![CDATA[2016-04-15 16:46:32 : [INFO] [Wait For Text : [closeButton]] ]]>
            </line>
            <line>
              <![CDATA[2016-04-15 16:46:38 : [INFO] [点击 -> name: closeButton]]]>
            </line>
            <line>
              <![CDATA[2016-04-15 16:46:51 : [INFO] 当前页面插件个数为：0]]>
            </line>
            <line>
              <![CDATA[2016-04-15 16:46:51 : [INFO] 在左屏，屏幕向左滑动回到主屏]]>
            </line>
            <line>
              <![CDATA[2016-04-15 16:46:51 : [INFO] 模拟向左滑动]]>
            </line>
            <line>
              <![CDATA[2016-04-15 16:46:57 : [INFO] 找到［回到主屏］，点击回到主屏]]>
            </line>
            <line>
              <![CDATA[2016-04-15 16:47:01 : [INFO] 点击无用户体系，恢复用户体系状态]]>
            </line>
          </reporter-output>
        </test-method> <!-- afterTest -->
        <test-method status="FAIL" signature="LoginPersonalCenterByH5(java.lang.String, java.lang.String, java.lang.String)[pri:0, instance:com.rym.libarary.testsuits.PersonalCenter_Test@2344fc66]" name="LoginPersonalCenterByH5" duration-ms="48579" started-at="2016-04-15T16:47:04Z" finished-at="2016-04-15T16:47:52Z">
          <params>
            <param index="0">
              <value>
                <![CDATA[新个人中心]]>
              </value>
            </param>
            <param index="1">
              <value>
                <![CDATA[sjtest003]]>
              </value>
            </param>
            <param index="2">
              <value>
                <![CDATA[qweqwe123]]>
              </value>
            </param>
          </params>
          <exception class="java.lang.reflect.InvocationTargetException">
            <full-stacktrace>
              <![CDATA[java.lang.reflect.InvocationTargetException
	at sun.reflect.NativeMethodAccessorImpl.invoke0(Native Method)
	at sun.reflect.NativeMethodAccessorImpl.invoke(NativeMethodAccessorImpl.java:62)
	at sun.reflect.DelegatingMethodAccessorImpl.invoke(DelegatingMethodAccessorImpl.java:43)
	at java.lang.reflect.Method.invoke(Method.java:497)
	at io.appium.java_client.pagefactory.ElementInterceptor.intercept(ElementInterceptor.java:31)
	at io.appium.java_client.ios.IOSElement$$EnhancerByCGLIB$$55680413.sendKeys(<generated>)
	at com.rym.libarary.base.operateFactory.AppOperate.sendKeys(AppOperate.java:180)
	at com.rym.libarary.business.Login.loginyztByH5(Login.java:44)
	at com.rym.libarary.testsuits.PersonalCenter_Test.LoginPersonalCenterByH5(PersonalCenter_Test.java:28)
	at sun.reflect.NativeMethodAccessorImpl.invoke0(Native Method)
	at sun.reflect.NativeMethodAccessorImpl.invoke(NativeMethodAccessorImpl.java:62)
	at sun.reflect.DelegatingMethodAccessorImpl.invoke(DelegatingMethodAccessorImpl.java:43)
	at java.lang.reflect.Method.invoke(Method.java:497)
	at org.testng.internal.MethodInvocationHelper.invokeMethod(MethodInvocationHelper.java:84)
	at org.testng.internal.Invoker.invokeMethod(Invoker.java:714)
	at org.testng.internal.Invoker.invokeTestMethod(Invoker.java:901)
	at org.testng.internal.Invoker.invokeTestMethods(Invoker.java:1231)
	at org.testng.internal.TestMethodWorker.invokeTestMethods(TestMethodWorker.java:127)
	at org.testng.internal.TestMethodWorker.run(TestMethodWorker.java:111)
	at org.testng.TestRunner.privateRun(TestRunner.java:767)
	at org.testng.TestRunner.run(TestRunner.java:617)
	at org.testng.SuiteRunner.runTest(SuiteRunner.java:334)
	at org.testng.SuiteRunner.runSequentially(SuiteRunner.java:329)
	at org.testng.SuiteRunner.privateRun(SuiteRunner.java:291)
	at org.testng.SuiteRunner.run(SuiteRunner.java:240)
	at org.testng.SuiteRunnerWorker.runSuite(SuiteRunnerWorker.java:52)
	at org.testng.SuiteRunnerWorker.run(SuiteRunnerWorker.java:86)
	at org.testng.TestNG.runSuitesSequentially(TestNG.java:1224)
	at org.testng.TestNG.runSuitesLocally(TestNG.java:1149)
	at org.testng.TestNG.run(TestNG.java:1057)
	at org.testng.remote.RemoteTestNG.run(RemoteTestNG.java:111)
	at org.testng.remote.RemoteTestNG.initAndRun(RemoteTestNG.java:204)
	at org.testng.remote.RemoteTestNG.main(RemoteTestNG.java:175)
Caused by: org.openqa.selenium.WebDriverException: An error occurred while executing user supplied JavaScript. (WARNING: The server did not provide any stacktrace information)
Command duration or timeout: 1.92 seconds
Build info: version: '2.46.0', revision: '87c69e2', time: '2015-06-04 16:17:10'
System info: host: 'rymtestdeMac-mini.local', ip: '10.180.186.64', os.name: 'Mac OS X', os.arch: 'x86_64', os.version: '10.10.5', java.version: '1.8.0_40'
Driver info: io.appium.java_client.ios.IOSDriver
Capabilities [{app=/Users/rymtest/Desktop/app_package/PAAnydoorSDK1130-1108.ipa, appPackage=, networkConnectionEnabled=false, warnings={}, appiumVersion=1.0, databaseEnabled=false, deviceName=娱乐 (2), platform=MAC, appActivity=, desired={app=/Users/rymtest/Desktop/app_package/PAAnydoorSDK1130-1108.ipa, appPackage=, appActivity=, appiumVersion=1.0, platformVersion=9.0, unicodeKeyboard=true, platformName=iOS, udid=8f023bbd000d58e34cfea2fdca1a8901d3123291, deviceName=娱乐 (2), resetKeyboard=true, autoAcceptAlerts=true}, platformVersion=9.0, webStorageEnabled=false, locationContextEnabled=false, browserName=iOS, takesScreenshot=true, javascriptEnabled=true, unicodeKeyboard=true, platformName=iOS, udid=8f023bbd000d58e34cfea2fdca1a8901d3123291, resetKeyboard=true, autoAcceptAlerts=true}]
Session ID: c31dc8f1-fe22-4ef4-ba4d-1b99c8aee2a8
	at sun.reflect.NativeConstructorAccessorImpl.newInstance0(Native Method)
	at sun.reflect.NativeConstructorAccessorImpl.newInstance(NativeConstructorAccessorImpl.java:62)
	at sun.reflect.DelegatingConstructorAccessorImpl.newInstance(DelegatingConstructorAccessorImpl.java:45)
	at java.lang.reflect.Constructor.newInstance(Constructor.java:422)
	at org.openqa.selenium.remote.ErrorHandler.createThrowable(ErrorHandler.java:204)
	at org.openqa.selenium.remote.ErrorHandler.throwIfResponseFailed(ErrorHandler.java:156)
	at org.openqa.selenium.remote.RemoteWebDriver.execute(RemoteWebDriver.java:605)
	at io.appium.java_client.DefaultGenericMobileDriver.execute(DefaultGenericMobileDriver.java:27)
	at io.appium.java_client.AppiumDriver.execute(AppiumDriver.java:1)
	at io.appium.java_client.ios.IOSDriver.execute(IOSDriver.java:1)
	at org.openqa.selenium.remote.RemoteWebElement.execute(RemoteWebElement.java:269)
	at io.appium.java_client.DefaultGenericMobileElement.execute(DefaultGenericMobileElement.java:27)
	at io.appium.java_client.MobileElement.execute(MobileElement.java:1)
	at io.appium.java_client.ios.IOSElement.execute(IOSElement.java:1)
	at org.openqa.selenium.remote.RemoteWebElement.sendKeys(RemoteWebElement.java:90)
	... 33 more
]]>
            </full-stacktrace>
          </exception> <!-- java.lang.reflect.InvocationTargetException -->
          <reporter-output>
            <line>
              <![CDATA[2016-04-15 16:47:04 : [STEP] 个人中心用例1-1-2（插件为强登，用户未登陆），模拟h5一账通登录 开始跑]]>
            </line>
            <line>
              <![CDATA[2016-04-15 16:47:04 : [INFO] 模拟向右滑动]]>
            </line>
            <line>
              <![CDATA[2016-04-15 16:47:09 : [INFO] [Wait For Text : [新个人中心]] ]]>
            </line>
            <line>
              <![CDATA[2016-04-15 16:47:18 : [INFO] [点击 -> name: 新个人中心]]]>
            </line>
            <line>
              <![CDATA[2016-04-15 16:47:24 : [INFO] [Wait For Text : [一账通号/手机号/身份证号/邮箱]] ]]>
            </line>
            <line>
              <![CDATA[2016-04-15 16:47:29 : [INFO] 已弹出登录]]>
            </line>
            <line>
              <![CDATA[2016-04-15 16:47:35 : [INFO] [点击 -> xpath: //*[@value='一账通号/手机号/身份证号/邮箱']]]]>
            </line>
            <line>
              <![CDATA[2016-04-15 16:47:47 : [INFO] [输入字符 -> xpath: //*[@value='一账通号/手机号/身份证号/邮箱']]]]>
            </line>
          </reporter-output>
        </test-method> <!-- LoginPersonalCenterByH5 -->
        <test-method status="PASS" signature="afterTest()[pri:0, instance:com.rym.libarary.testsuits.PersonalCenter_Test@2344fc66]" name="afterTest" is-config="true" duration-ms="37949" started-at="2016-04-15T16:47:52Z" finished-at="2016-04-15T16:48:30Z">
          <reporter-output>
            <line>
              <![CDATA[2016-04-15 16:47:52 : [INFO] [Wait For Text : [htmlbackhome]] ]]>
            </line>
            <line>
              <![CDATA[2016-04-15 16:47:58 : [INFO] [Wait For Text : [closeButton]] ]]>
            </line>
            <line>
              <![CDATA[2016-04-15 16:48:04 : [INFO] [点击 -> name: closeButton]]]>
            </line>
            <line>
              <![CDATA[2016-04-15 16:48:17 : [INFO] 当前页面插件个数为：0]]>
            </line>
            <line>
              <![CDATA[2016-04-15 16:48:17 : [INFO] 在左屏，屏幕向左滑动回到主屏]]>
            </line>
            <line>
              <![CDATA[2016-04-15 16:48:17 : [INFO] 模拟向左滑动]]>
            </line>
            <line>
              <![CDATA[2016-04-15 16:48:24 : [INFO] 找到［回到主屏］，点击回到主屏]]>
            </line>
            <line>
              <![CDATA[2016-04-15 16:48:28 : [INFO] 点击无用户体系，恢复用户体系状态]]>
            </line>
          </reporter-output>
        </test-method> <!-- afterTest -->
        <test-method status="FAIL" signature="LoginPersonalCenterByH5BeforNoYZT(java.lang.String, java.lang.String, java.lang.String, java.lang.String)[pri:0, instance:com.rym.libarary.testsuits.PersonalCenter_Test@2344fc66]" name="LoginPersonalCenterByH5BeforNoYZT" duration-ms="125799" started-at="2016-04-15T16:48:30Z" finished-at="2016-04-15T16:50:36Z">
          <params>
            <param index="0">
              <value>
                <![CDATA[新个人中心]]>
              </value>
            </param>
            <param index="1">
              <value>
                <![CDATA[sjtest003]]>
              </value>
            </param>
            <param index="2">
              <value>
                <![CDATA[qweqwe123]]>
              </value>
            </param>
            <param index="3">
              <value>
                <![CDATA[rymtest001]]>
              </value>
            </param>
          </params>
          <exception class="java.lang.reflect.InvocationTargetException">
            <full-stacktrace>
              <![CDATA[java.lang.reflect.InvocationTargetException
	at sun.reflect.NativeMethodAccessorImpl.invoke0(Native Method)
	at sun.reflect.NativeMethodAccessorImpl.invoke(NativeMethodAccessorImpl.java:62)
	at sun.reflect.DelegatingMethodAccessorImpl.invoke(DelegatingMethodAccessorImpl.java:43)
	at java.lang.reflect.Method.invoke(Method.java:497)
	at io.appium.java_client.pagefactory.ElementInterceptor.intercept(ElementInterceptor.java:31)
	at io.appium.java_client.ios.IOSElement$$EnhancerByCGLIB$$55680413.sendKeys(<generated>)
	at com.rym.libarary.base.operateFactory.AppOperate.sendKeys(AppOperate.java:180)
	at com.rym.libarary.business.Login.loginyztByLow(Login.java:133)
	at com.rym.libarary.testsuits.PersonalCenter_Test.LoginPersonalCenterByH5BeforNoYZT(PersonalCenter_Test.java:82)
	at sun.reflect.NativeMethodAccessorImpl.invoke0(Native Method)
	at sun.reflect.NativeMethodAccessorImpl.invoke(NativeMethodAccessorImpl.java:62)
	at sun.reflect.DelegatingMethodAccessorImpl.invoke(DelegatingMethodAccessorImpl.java:43)
	at java.lang.reflect.Method.invoke(Method.java:497)
	at org.testng.internal.MethodInvocationHelper.invokeMethod(MethodInvocationHelper.java:84)
	at org.testng.internal.Invoker.invokeMethod(Invoker.java:714)
	at org.testng.internal.Invoker.invokeTestMethod(Invoker.java:901)
	at org.testng.internal.Invoker.invokeTestMethods(Invoker.java:1231)
	at org.testng.internal.TestMethodWorker.invokeTestMethods(TestMethodWorker.java:127)
	at org.testng.internal.TestMethodWorker.run(TestMethodWorker.java:111)
	at org.testng.TestRunner.privateRun(TestRunner.java:767)
	at org.testng.TestRunner.run(TestRunner.java:617)
	at org.testng.SuiteRunner.runTest(SuiteRunner.java:334)
	at org.testng.SuiteRunner.runSequentially(SuiteRunner.java:329)
	at org.testng.SuiteRunner.privateRun(SuiteRunner.java:291)
	at org.testng.SuiteRunner.run(SuiteRunner.java:240)
	at org.testng.SuiteRunnerWorker.runSuite(SuiteRunnerWorker.java:52)
	at org.testng.SuiteRunnerWorker.run(SuiteRunnerWorker.java:86)
	at org.testng.TestNG.runSuitesSequentially(TestNG.java:1224)
	at org.testng.TestNG.runSuitesLocally(TestNG.java:1149)
	at org.testng.TestNG.run(TestNG.java:1057)
	at org.testng.remote.RemoteTestNG.run(RemoteTestNG.java:111)
	at org.testng.remote.RemoteTestNG.initAndRun(RemoteTestNG.java:204)
	at org.testng.remote.RemoteTestNG.main(RemoteTestNG.java:175)
Caused by: org.openqa.selenium.WebDriverException: An error occurred while executing user supplied JavaScript. (WARNING: The server did not provide any stacktrace information)
Command duration or timeout: 1.72 seconds
Build info: version: '2.46.0', revision: '87c69e2', time: '2015-06-04 16:17:10'
System info: host: 'rymtestdeMac-mini.local', ip: '10.180.186.64', os.name: 'Mac OS X', os.arch: 'x86_64', os.version: '10.10.5', java.version: '1.8.0_40'
Driver info: io.appium.java_client.ios.IOSDriver
Capabilities [{app=/Users/rymtest/Desktop/app_package/PAAnydoorSDK1130-1108.ipa, appPackage=, networkConnectionEnabled=false, warnings={}, appiumVersion=1.0, databaseEnabled=false, deviceName=娱乐 (2), platform=MAC, appActivity=, desired={app=/Users/rymtest/Desktop/app_package/PAAnydoorSDK1130-1108.ipa, appPackage=, appActivity=, appiumVersion=1.0, platformVersion=9.0, unicodeKeyboard=true, platformName=iOS, udid=8f023bbd000d58e34cfea2fdca1a8901d3123291, deviceName=娱乐 (2), resetKeyboard=true, autoAcceptAlerts=true}, platformVersion=9.0, webStorageEnabled=false, locationContextEnabled=false, browserName=iOS, takesScreenshot=true, javascriptEnabled=true, unicodeKeyboard=true, platformName=iOS, udid=8f023bbd000d58e34cfea2fdca1a8901d3123291, resetKeyboard=true, autoAcceptAlerts=true}]
Session ID: c31dc8f1-fe22-4ef4-ba4d-1b99c8aee2a8
	at sun.reflect.NativeConstructorAccessorImpl.newInstance0(Native Method)
	at sun.reflect.NativeConstructorAccessorImpl.newInstance(NativeConstructorAccessorImpl.java:62)
	at sun.reflect.DelegatingConstructorAccessorImpl.newInstance(DelegatingConstructorAccessorImpl.java:45)
	at java.lang.reflect.Constructor.newInstance(Constructor.java:422)
	at org.openqa.selenium.remote.ErrorHandler.createThrowable(ErrorHandler.java:204)
	at org.openqa.selenium.remote.ErrorHandler.throwIfResponseFailed(ErrorHandler.java:156)
	at org.openqa.selenium.remote.RemoteWebDriver.execute(RemoteWebDriver.java:605)
	at io.appium.java_client.DefaultGenericMobileDriver.execute(DefaultGenericMobileDriver.java:27)
	at io.appium.java_client.AppiumDriver.execute(AppiumDriver.java:1)
	at io.appium.java_client.ios.IOSDriver.execute(IOSDriver.java:1)
	at org.openqa.selenium.remote.RemoteWebElement.execute(RemoteWebElement.java:269)
	at io.appium.java_client.DefaultGenericMobileElement.execute(DefaultGenericMobileElement.java:27)
	at io.appium.java_client.MobileElement.execute(MobileElement.java:1)
	at io.appium.java_client.ios.IOSElement.execute(IOSElement.java:1)
	at org.openqa.selenium.remote.RemoteWebElement.sendKeys(RemoteWebElement.java:90)
	... 33 more
]]>
            </full-stacktrace>
          </exception> <!-- java.lang.reflect.InvocationTargetException -->
          <reporter-output>
            <line>
              <![CDATA[2016-04-15 16:48:30 : [STEP] 个人中心用例1-2（插件为强登，用户非一账通登陆），模拟H5低门槛一账通登录 开始跑]]>
            </line>
            <line>
              <![CDATA[2016-04-15 16:48:30 : [INFO] [Wait For Text : [非一账通]] ]]>
            </line>
            <line>
              <![CDATA[2016-04-15 16:48:37 : [INFO] [点击 -> name: 非一账通]]]>
            </line>
            <line>
              <![CDATA[2016-04-15 16:48:41 : [INFO] [点击 -> name: 宿主登陆]]]>
            </line>
            <line>
              <![CDATA[2016-04-15 16:48:43 : [INFO] [Wait For Text : [返回]] ]]>
            </line>
            <line>
              <![CDATA[2016-04-15 16:48:52 : [INFO] [点击 -> name: 选择登陆用户]]]>
            </line>
            <line>
              <![CDATA[2016-04-15 16:48:59 : [INFO] [输入字符 -> xpath: //UIAPickerWheel]]]>
            </line>
            <line>
              <![CDATA[2016-04-15 16:49:01 : [INFO] [点击 -> name: 确认]]]>
            </line>
            <line>
              <![CDATA[2016-04-15 16:49:05 : [INFO] [点击 -> name: 登陆]]]>
            </line>
            <line>
              <![CDATA[2016-04-15 16:49:28 : [INFO] [Wait For Text : [rymtest001]] ]]>
            </line>
            <line>
              <![CDATA[2016-04-15 16:49:33 : [INFO] 没有返回按钮]]>
            </line>
            <line>
              <![CDATA[2016-04-15 16:49:34 : [INFO] 模拟向右滑动]]>
            </line>
            <line>
              <![CDATA[2016-04-15 16:49:39 : [INFO] [Wait For Text : [新个人中心]] ]]>
            </line>
            <line>
              <![CDATA[2016-04-15 16:49:49 : [INFO] [点击 -> name: 新个人中心]]]>
            </line>
            <line>
              <![CDATA[2016-04-15 16:49:55 : [INFO] [Wait For Text : [密码登录]] ]]>
            </line>
            <line>
              <![CDATA[2016-04-15 16:50:00 : [INFO] 已弹出登录]]>
            </line>
            <line>
              <![CDATA[2016-04-15 16:50:03 : [INFO] [点击 -> xpath: //UIALink[@name='密码登录']]]]>
            </line>
            <line>
              <![CDATA[2016-04-15 16:50:09 : [INFO] [Wait For Text : [注册账号]] ]]>
            </line>
            <line>
              <![CDATA[2016-04-15 16:50:20 : [INFO] [点击 -> xpath: //*[@value='请输入您的账号']]]]>
            </line>
            <line>
              <![CDATA[2016-04-15 16:50:31 : [INFO] [输入字符 -> xpath: //*[@value='请输入您的账号']]]]>
            </line>
          </reporter-output>
        </test-method> <!-- LoginPersonalCenterByH5BeforNoYZT -->
        <test-method status="PASS" signature="afterTest()[pri:0, instance:com.rym.libarary.testsuits.PersonalCenter_Test@2344fc66]" name="afterTest" is-config="true" duration-ms="37734" started-at="2016-04-15T16:50:36Z" finished-at="2016-04-15T16:51:14Z">
          <reporter-output>
            <line>
              <![CDATA[2016-04-15 16:50:36 : [INFO] [Wait For Text : [htmlbackhome]] ]]>
            </line>
            <line>
              <![CDATA[2016-04-15 16:50:41 : [INFO] [Wait For Text : [closeButton]] ]]>
            </line>
            <line>
              <![CDATA[2016-04-15 16:50:48 : [INFO] [点击 -> name: closeButton]]]>
            </line>
            <line>
              <![CDATA[2016-04-15 16:51:00 : [INFO] 当前页面插件个数为：0]]>
            </line>
            <line>
              <![CDATA[2016-04-15 16:51:00 : [INFO] 在左屏，屏幕向左滑动回到主屏]]>
            </line>
            <line>
              <![CDATA[2016-04-15 16:51:00 : [INFO] 模拟向左滑动]]>
            </line>
            <line>
              <![CDATA[2016-04-15 16:51:07 : [INFO] 找到［回到主屏］，点击回到主屏]]>
            </line>
            <line>
              <![CDATA[2016-04-15 16:51:11 : [INFO] 点击无用户体系，恢复用户体系状态]]>
            </line>
          </reporter-output>
        </test-method> <!-- afterTest -->
        <test-method status="PASS" signature="LoginPersonalCenterByHost(java.lang.String, java.lang.String)[pri:0, instance:com.rym.libarary.testsuits.PersonalCenter_Test@2344fc66]" name="LoginPersonalCenterByHost" duration-ms="89626" started-at="2016-04-15T16:51:14Z" finished-at="2016-04-15T16:52:43Z">
          <params>
            <param index="0">
              <value>
                <![CDATA[新个人中心]]>
              </value>
            </param>
            <param index="1">
              <value>
                <![CDATA[rymtest001]]>
              </value>
            </param>
          </params>
          <reporter-output>
            <line>
              <![CDATA[2016-04-15 16:51:14 : [STEP] 个人中心用例1-1-1（插件为强登，用户未登陆），模拟宿主一账通登录 开始跑]]>
            </line>
            <line>
              <![CDATA[2016-04-15 16:51:14 : [INFO] [Wait For Text : [一账通]] ]]>
            </line>
            <line>
              <![CDATA[2016-04-15 16:51:20 : [INFO] [点击 -> name: 一账通]]]>
            </line>
            <line>
              <![CDATA[2016-04-15 16:51:22 : [INFO] 模拟向右滑动]]>
            </line>
            <line>
              <![CDATA[2016-04-15 16:51:27 : [INFO] [Wait For Text : [新个人中心]] ]]>
            </line>
            <line>
              <![CDATA[2016-04-15 16:51:36 : [INFO] [点击 -> name: 新个人中心]]]>
            </line>
            <line>
              <![CDATA[2016-04-15 16:51:42 : [INFO] [Wait For Text : [返回]] ]]>
            </line>
            <line>
              <![CDATA[2016-04-15 16:51:53 : [INFO] [点击 -> name: 选择登陆用户]]]>
            </line>
            <line>
              <![CDATA[2016-04-15 16:52:02 : [INFO] [输入字符 -> xpath: //UIAPickerWheel]]]>
            </line>
            <line>
              <![CDATA[2016-04-15 16:52:05 : [INFO] [点击 -> name: 确认]]]>
            </line>
            <line>
              <![CDATA[2016-04-15 16:52:10 : [INFO] [点击 -> name: 登陆]]]>
            </line>
            <line>
              <![CDATA[2016-04-15 16:52:23 : [INFO] [Wait For Text : [选择]] ]]>
            </line>
            <line>
              <![CDATA[2016-04-15 16:52:43 : [INFO] 个人中心用例1-1-1（插件为强登，用户未登陆），模拟宿主一账通登录 案例成功跑完]]>
            </line>
          </reporter-output>
        </test-method> <!-- LoginPersonalCenterByHost -->
        <test-method status="PASS" signature="afterTest()[pri:0, instance:com.rym.libarary.testsuits.PersonalCenter_Test@2344fc66]" name="afterTest" is-config="true" duration-ms="36860" started-at="2016-04-15T16:52:43Z" finished-at="2016-04-15T16:53:20Z">
          <reporter-output>
            <line>
              <![CDATA[2016-04-15 16:52:43 : [INFO] [Wait For Text : [htmlbackhome]] ]]>
            </line>
            <line>
              <![CDATA[2016-04-15 16:52:48 : [INFO] [Wait For Text : [closeButton]] ]]>
            </line>
            <line>
              <![CDATA[2016-04-15 16:52:55 : [INFO] [点击 -> name: closeButton]]]>
            </line>
            <line>
              <![CDATA[2016-04-15 16:53:07 : [INFO] 当前页面插件个数为：0]]>
            </line>
            <line>
              <![CDATA[2016-04-15 16:53:07 : [INFO] 在左屏，屏幕向左滑动回到主屏]]>
            </line>
            <line>
              <![CDATA[2016-04-15 16:53:07 : [INFO] 模拟向左滑动]]>
            </line>
            <line>
              <![CDATA[2016-04-15 16:53:14 : [INFO] 找到［回到主屏］，点击回到主屏]]>
            </line>
            <line>
              <![CDATA[2016-04-15 16:53:18 : [INFO] 点击无用户体系，恢复用户体系状态]]>
            </line>
          </reporter-output>
        </test-method> <!-- afterTest -->
        <test-method status="PASS" signature="LoginPersonalCenterByHostYZT(java.lang.String, java.lang.String)[pri:0, instance:com.rym.libarary.testsuits.PersonalCenter_Test@2344fc66]" name="LoginPersonalCenterByHostYZT" duration-ms="88316" started-at="2016-04-15T16:53:20Z" finished-at="2016-04-15T16:54:48Z">
          <params>
            <param index="0">
              <value>
                <![CDATA[测试]]>
              </value>
            </param>
            <param index="1">
              <value>
                <![CDATA[rymtest001]]>
              </value>
            </param>
          </params>
          <reporter-output>
            <line>
              <![CDATA[2016-04-15 16:53:20 : [STEP]  个人中心用例1-3（插件为强登，用户一账通登陆），模拟宿主一账通登录 开始跑]]>
            </line>
            <line>
              <![CDATA[2016-04-15 16:53:20 : [INFO] [Wait For Text : [一账通]] ]]>
            </line>
            <line>
              <![CDATA[2016-04-15 16:53:27 : [INFO] [点击 -> name: 一账通]]]>
            </line>
            <line>
              <![CDATA[2016-04-15 16:53:31 : [INFO] [点击 -> name: 宿主登陆]]]>
            </line>
            <line>
              <![CDATA[2016-04-15 16:53:33 : [INFO] [Wait For Text : [返回]] ]]>
            </line>
            <line>
              <![CDATA[2016-04-15 16:53:42 : [INFO] [点击 -> name: 选择登陆用户]]]>
            </line>
            <line>
              <![CDATA[2016-04-15 16:53:48 : [INFO] [输入字符 -> xpath: //UIAPickerWheel]]]>
            </line>
            <line>
              <![CDATA[2016-04-15 16:53:50 : [INFO] [点击 -> name: 确认]]]>
            </line>
            <line>
              <![CDATA[2016-04-15 16:53:54 : [INFO] [点击 -> name: 登陆]]]>
            </line>
            <line>
              <![CDATA[2016-04-15 16:54:17 : [INFO] [Wait For Text : [rymtest001]] ]]>
            </line>
            <line>
              <![CDATA[2016-04-15 16:54:23 : [INFO] 模拟向右滑动]]>
            </line>
            <line>
              <![CDATA[2016-04-15 16:54:28 : [INFO] [Wait For Text : [测试]] ]]>
            </line>
            <line>
              <![CDATA[2016-04-15 16:54:37 : [INFO] [点击 -> name: 测试]]]>
            </line>
            <line>
              <![CDATA[2016-04-15 16:54:43 : [INFO] [Wait For Text : [我的订单]] ]]>
            </line>
            <line>
              <![CDATA[2016-04-15 16:54:48 : [INFO] 个人中心用例1-3（插件为强登，用户一账通登陆），模拟宿主一账通登录 测试通过]]>
            </line>
          </reporter-output>
        </test-method> <!-- LoginPersonalCenterByHostYZT -->
        <test-method status="PASS" signature="afterTest()[pri:0, instance:com.rym.libarary.testsuits.PersonalCenter_Test@2344fc66]" name="afterTest" is-config="true" duration-ms="52120" started-at="2016-04-15T16:54:48Z" finished-at="2016-04-15T16:55:40Z">
          <reporter-output>
            <line>
              <![CDATA[2016-04-15 16:54:48 : [INFO] [Wait For Text : [htmlbackhome]] ]]>
            </line>
            <line>
              <![CDATA[2016-04-15 16:54:56 : [INFO] 进入点击htmlbackhome状态...]]>
            </line>
            <line>
              <![CDATA[2016-04-15 16:54:57 : [INFO] [点击 -> name: htmlbackhome]]]>
            </line>
            <line>
              <![CDATA[2016-04-15 16:55:01 : [INFO] [Wait For Text : [htmlbackhome]] ]]>
            </line>
            <line>
              <![CDATA[2016-04-15 16:55:07 : [INFO] [点击 -> name: htmlbackhome]]]>
            </line>
            <line>
              <![CDATA[2016-04-15 16:55:09 : [INFO] [Wait For Text : [closeButton]] ]]>
            </line>
            <line>
              <![CDATA[2016-04-15 16:55:28 : [INFO] 当前页面插件个数为：0]]>
            </line>
            <line>
              <![CDATA[2016-04-15 16:55:28 : [INFO] 在左屏，屏幕向左滑动回到主屏]]>
            </line>
            <line>
              <![CDATA[2016-04-15 16:55:28 : [INFO] 模拟向左滑动]]>
            </line>
            <line>
              <![CDATA[2016-04-15 16:55:34 : [INFO] 找到［回到主屏］，点击回到主屏]]>
            </line>
            <line>
              <![CDATA[2016-04-15 16:55:38 : [INFO] 点击无用户体系，恢复用户体系状态]]>
            </line>
          </reporter-output>
        </test-method> <!-- afterTest -->
        <test-method status="PASS" signature="LoginTimeout(java.lang.String)[pri:0, instance:com.rym.libarary.testsuits.PersonalCenter_Test@2344fc66]" name="LoginTimeout" duration-ms="1089588" started-at="2016-04-15T16:55:40Z" finished-at="2016-04-15T17:13:50Z">
          <params>
            <param index="0">
              <value>
                <![CDATA[新个人中心]]>
              </value>
            </param>
          </params>
          <reporter-output>
            <line>
              <![CDATA[2016-04-15 16:55:41 : [STEP]  个人中心用例1-4-2（插件为强登，用户未登陆），超时后点击 开始跑]]>
            </line>
            <line>
              <![CDATA[2016-04-15 16:55:43 : [INFO] ［向下滑动］]]>
            </line>
            <line>
              <![CDATA[2016-04-15 16:55:58 : [INFO] ［向下滑动］]]>
            </line>
            <line>
              <![CDATA[2016-04-15 16:56:13 : [INFO] ［向下滑动］]]>
            </line>
            <line>
              <![CDATA[2016-04-15 16:56:28 : [INFO] ［向下滑动］]]>
            </line>
            <line>
              <![CDATA[2016-04-15 16:56:43 : [INFO] ［向下滑动］]]>
            </line>
            <line>
              <![CDATA[2016-04-15 16:56:58 : [INFO] ［向下滑动］]]>
            </line>
            <line>
              <![CDATA[2016-04-15 16:57:14 : [INFO] ［向下滑动］]]>
            </line>
            <line>
              <![CDATA[2016-04-15 16:57:29 : [INFO] ［向下滑动］]]>
            </line>
            <line>
              <![CDATA[2016-04-15 16:57:44 : [INFO] ［向下滑动］]]>
            </line>
            <line>
              <![CDATA[2016-04-15 16:57:59 : [INFO] ［向下滑动］]]>
            </line>
            <line>
              <![CDATA[2016-04-15 16:58:15 : [INFO] ［向下滑动］]]>
            </line>
            <line>
              <![CDATA[2016-04-15 16:58:30 : [INFO] ［向下滑动］]]>
            </line>
            <line>
              <![CDATA[2016-04-15 16:58:45 : [INFO] ［向下滑动］]]>
            </line>
            <line>
              <![CDATA[2016-04-15 16:59:00 : [INFO] ［向下滑动］]]>
            </line>
            <line>
              <![CDATA[2016-04-15 16:59:15 : [INFO] ［向下滑动］]]>
            </line>
            <line>
              <![CDATA[2016-04-15 16:59:30 : [INFO] ［向下滑动］]]>
            </line>
            <line>
              <![CDATA[2016-04-15 16:59:46 : [INFO] ［向下滑动］]]>
            </line>
            <line>
              <![CDATA[2016-04-15 17:00:01 : [INFO] ［向下滑动］]]>
            </line>
            <line>
              <![CDATA[2016-04-15 17:00:16 : [INFO] ［向下滑动］]]>
            </line>
            <line>
              <![CDATA[2016-04-15 17:00:31 : [INFO] ［向下滑动］]]>
            </line>
            <line>
              <![CDATA[2016-04-15 17:00:47 : [INFO] ［向下滑动］]]>
            </line>
            <line>
              <![CDATA[2016-04-15 17:01:02 : [INFO] ［向下滑动］]]>
            </line>
            <line>
              <![CDATA[2016-04-15 17:01:17 : [INFO] ［向下滑动］]]>
            </line>
            <line>
              <![CDATA[2016-04-15 17:01:32 : [INFO] ［向下滑动］]]>
            </line>
            <line>
              <![CDATA[2016-04-15 17:01:47 : [INFO] ［向下滑动］]]>
            </line>
            <line>
              <![CDATA[2016-04-15 17:02:03 : [INFO] ［向下滑动］]]>
            </line>
            <line>
              <![CDATA[2016-04-15 17:02:18 : [INFO] ［向下滑动］]]>
            </line>
            <line>
              <![CDATA[2016-04-15 17:02:33 : [INFO] ［向下滑动］]]>
            </line>
            <line>
              <![CDATA[2016-04-15 17:02:48 : [INFO] ［向下滑动］]]>
            </line>
            <line>
              <![CDATA[2016-04-15 17:03:03 : [INFO] ［向下滑动］]]>
            </line>
            <line>
              <![CDATA[2016-04-15 17:03:18 : [INFO] ［向下滑动］]]>
            </line>
            <line>
              <![CDATA[2016-04-15 17:03:34 : [INFO] ［向下滑动］]]>
            </line>
            <line>
              <![CDATA[2016-04-15 17:03:49 : [INFO] ［向下滑动］]]>
            </line>
            <line>
              <![CDATA[2016-04-15 17:04:04 : [INFO] ［向下滑动］]]>
            </line>
            <line>
              <![CDATA[2016-04-15 17:04:19 : [INFO] ［向下滑动］]]>
            </line>
            <line>
              <![CDATA[2016-04-15 17:04:35 : [INFO] ［向下滑动］]]>
            </line>
            <line>
              <![CDATA[2016-04-15 17:04:50 : [INFO] ［向下滑动］]]>
            </line>
            <line>
              <![CDATA[2016-04-15 17:05:05 : [INFO] ［向下滑动］]]>
            </line>
            <line>
              <![CDATA[2016-04-15 17:05:20 : [INFO] ［向下滑动］]]>
            </line>
            <line>
              <![CDATA[2016-04-15 17:05:35 : [INFO] ［向下滑动］]]>
            </line>
            <line>
              <![CDATA[2016-04-15 17:05:51 : [INFO] ［向下滑动］]]>
            </line>
            <line>
              <![CDATA[2016-04-15 17:06:06 : [INFO] ［向下滑动］]]>
            </line>
            <line>
              <![CDATA[2016-04-15 17:06:21 : [INFO] ［向下滑动］]]>
            </line>
            <line>
              <![CDATA[2016-04-15 17:06:36 : [INFO] ［向下滑动］]]>
            </line>
            <line>
              <![CDATA[2016-04-15 17:06:51 : [INFO] ［向下滑动］]]>
            </line>
            <line>
              <![CDATA[2016-04-15 17:07:07 : [INFO] ［向下滑动］]]>
            </line>
            <line>
              <![CDATA[2016-04-15 17:07:22 : [INFO] ［向下滑动］]]>
            </line>
            <line>
              <![CDATA[2016-04-15 17:07:37 : [INFO] ［向下滑动］]]>
            </line>
            <line>
              <![CDATA[2016-04-15 17:07:52 : [INFO] ［向下滑动］]]>
            </line>
            <line>
              <![CDATA[2016-04-15 17:08:07 : [INFO] ［向下滑动］]]>
            </line>
            <line>
              <![CDATA[2016-04-15 17:08:22 : [INFO] ［向下滑动］]]>
            </line>
            <line>
              <![CDATA[2016-04-15 17:08:38 : [INFO] ［向下滑动］]]>
            </line>
            <line>
              <![CDATA[2016-04-15 17:08:53 : [INFO] ［向下滑动］]]>
            </line>
            <line>
              <![CDATA[2016-04-15 17:09:08 : [INFO] ［向下滑动］]]>
            </line>
            <line>
              <![CDATA[2016-04-15 17:09:23 : [INFO] ［向下滑动］]]>
            </line>
            <line>
              <![CDATA[2016-04-15 17:09:39 : [INFO] ［向下滑动］]]>
            </line>
            <line>
              <![CDATA[2016-04-15 17:09:54 : [INFO] ［向下滑动］]]>
            </line>
            <line>
              <![CDATA[2016-04-15 17:10:09 : [INFO] ［向下滑动］]]>
            </line>
            <line>
              <![CDATA[2016-04-15 17:10:24 : [INFO] ［向下滑动］]]>
            </line>
            <line>
              <![CDATA[2016-04-15 17:10:39 : [INFO] ［向下滑动］]]>
            </line>
            <line>
              <![CDATA[2016-04-15 17:10:54 : [INFO] ［向下滑动］]]>
            </line>
            <line>
              <![CDATA[2016-04-15 17:11:10 : [INFO] ［向下滑动］]]>
            </line>
            <line>
              <![CDATA[2016-04-15 17:11:25 : [INFO] ［向下滑动］]]>
            </line>
            <line>
              <![CDATA[2016-04-15 17:11:40 : [INFO] ［向下滑动］]]>
            </line>
            <line>
              <![CDATA[2016-04-15 17:11:55 : [INFO] ［向下滑动］]]>
            </line>
            <line>
              <![CDATA[2016-04-15 17:12:10 : [INFO] ［向下滑动］]]>
            </line>
            <line>
              <![CDATA[2016-04-15 17:12:26 : [INFO] ［向下滑动］]]>
            </line>
            <line>
              <![CDATA[2016-04-15 17:12:41 : [INFO] ［向下滑动］]]>
            </line>
            <line>
              <![CDATA[2016-04-15 17:12:56 : [INFO] ［向下滑动］]]>
            </line>
            <line>
              <![CDATA[2016-04-15 17:13:11 : [INFO] ［向下滑动］]]>
            </line>
            <line>
              <![CDATA[2016-04-15 17:13:24 : [INFO] 模拟向右滑动]]>
            </line>
            <line>
              <![CDATA[2016-04-15 17:13:30 : [INFO] [Wait For Text : [新个人中心]] ]]>
            </line>
            <line>
              <![CDATA[2016-04-15 17:13:39 : [INFO] [点击 -> name: 新个人中心]]]>
            </line>
            <line>
              <![CDATA[2016-04-15 17:13:45 : [INFO] [Wait For Text : [一账通号/手机号/身份证号/邮箱]] ]]>
            </line>
            <line>
              <![CDATA[2016-04-15 17:13:50 : [INFO] 个人中心用例1-4-2（插件为强登，用户未登陆），超时后点击 测试通过]]>
            </line>
          </reporter-output>
        </test-method> <!-- LoginTimeout -->
        <test-method status="PASS" signature="afterTest()[pri:0, instance:com.rym.libarary.testsuits.PersonalCenter_Test@2344fc66]" name="afterTest" is-config="true" duration-ms="60377" started-at="2016-04-15T17:13:50Z" finished-at="2016-04-15T17:14:50Z">
          <reporter-output>
            <line>
              <![CDATA[2016-04-15 17:13:50 : [INFO] [Wait For Text : [htmlbackhome]] ]]>
            </line>
            <line>
              <![CDATA[2016-04-15 17:13:55 : [INFO] [Wait For Text : [closeButton]] ]]>
            </line>
            <line>
              <![CDATA[2016-04-15 17:14:01 : [INFO] [点击 -> name: closeButton]]]>
            </line>
            <line>
              <![CDATA[2016-04-15 17:14:37 : [INFO] 当前页面插件个数为：0]]>
            </line>
            <line>
              <![CDATA[2016-04-15 17:14:37 : [INFO] 在左屏，屏幕向左滑动回到主屏]]>
            </line>
            <line>
              <![CDATA[2016-04-15 17:14:37 : [INFO] 模拟向左滑动]]>
            </line>
            <line>
              <![CDATA[2016-04-15 17:14:44 : [INFO] 找到［回到主屏］，点击回到主屏]]>
            </line>
            <line>
              <![CDATA[2016-04-15 17:14:48 : [INFO] 点击无用户体系，恢复用户体系状态]]>
            </line>
          </reporter-output>
        </test-method> <!-- afterTest -->
        <test-method status="FAIL" signature="LoginYztTimeout(java.lang.String, java.lang.String, java.lang.String)[pri:0, instance:com.rym.libarary.testsuits.PersonalCenter_Test@2344fc66]" name="LoginYztTimeout" duration-ms="49211" started-at="2016-04-15T17:14:50Z" finished-at="2016-04-15T17:15:40Z">
          <params>
            <param index="0">
              <value>
                <![CDATA[新个人中心]]>
              </value>
            </param>
            <param index="1">
              <value>
                <![CDATA[sjtest003]]>
              </value>
            </param>
            <param index="2">
              <value>
                <![CDATA[qweqwe123]]>
              </value>
            </param>
          </params>
          <exception class="java.lang.reflect.InvocationTargetException">
            <full-stacktrace>
              <![CDATA[java.lang.reflect.InvocationTargetException
	at sun.reflect.NativeMethodAccessorImpl.invoke0(Native Method)
	at sun.reflect.NativeMethodAccessorImpl.invoke(NativeMethodAccessorImpl.java:62)
	at sun.reflect.DelegatingMethodAccessorImpl.invoke(DelegatingMethodAccessorImpl.java:43)
	at java.lang.reflect.Method.invoke(Method.java:497)
	at io.appium.java_client.pagefactory.ElementInterceptor.intercept(ElementInterceptor.java:31)
	at io.appium.java_client.ios.IOSElement$$EnhancerByCGLIB$$55680413.sendKeys(<generated>)
	at com.rym.libarary.base.operateFactory.AppOperate.sendKeys(AppOperate.java:180)
	at com.rym.libarary.business.Login.loginyztByH5(Login.java:44)
	at com.rym.libarary.testsuits.PersonalCenter_Test.LoginYztTimeout(PersonalCenter_Test.java:122)
	at sun.reflect.NativeMethodAccessorImpl.invoke0(Native Method)
	at sun.reflect.NativeMethodAccessorImpl.invoke(NativeMethodAccessorImpl.java:62)
	at sun.reflect.DelegatingMethodAccessorImpl.invoke(DelegatingMethodAccessorImpl.java:43)
	at java.lang.reflect.Method.invoke(Method.java:497)
	at org.testng.internal.MethodInvocationHelper.invokeMethod(MethodInvocationHelper.java:84)
	at org.testng.internal.Invoker.invokeMethod(Invoker.java:714)
	at org.testng.internal.Invoker.invokeTestMethod(Invoker.java:901)
	at org.testng.internal.Invoker.invokeTestMethods(Invoker.java:1231)
	at org.testng.internal.TestMethodWorker.invokeTestMethods(TestMethodWorker.java:127)
	at org.testng.internal.TestMethodWorker.run(TestMethodWorker.java:111)
	at org.testng.TestRunner.privateRun(TestRunner.java:767)
	at org.testng.TestRunner.run(TestRunner.java:617)
	at org.testng.SuiteRunner.runTest(SuiteRunner.java:334)
	at org.testng.SuiteRunner.runSequentially(SuiteRunner.java:329)
	at org.testng.SuiteRunner.privateRun(SuiteRunner.java:291)
	at org.testng.SuiteRunner.run(SuiteRunner.java:240)
	at org.testng.SuiteRunnerWorker.runSuite(SuiteRunnerWorker.java:52)
	at org.testng.SuiteRunnerWorker.run(SuiteRunnerWorker.java:86)
	at org.testng.TestNG.runSuitesSequentially(TestNG.java:1224)
	at org.testng.TestNG.runSuitesLocally(TestNG.java:1149)
	at org.testng.TestNG.run(TestNG.java:1057)
	at org.testng.remote.RemoteTestNG.run(RemoteTestNG.java:111)
	at org.testng.remote.RemoteTestNG.initAndRun(RemoteTestNG.java:204)
	at org.testng.remote.RemoteTestNG.main(RemoteTestNG.java:175)
Caused by: org.openqa.selenium.WebDriverException: An error occurred while executing user supplied JavaScript. (WARNING: The server did not provide any stacktrace information)
Command duration or timeout: 1.97 seconds
Build info: version: '2.46.0', revision: '87c69e2', time: '2015-06-04 16:17:10'
System info: host: 'rymtestdeMac-mini.local', ip: '10.180.186.64', os.name: 'Mac OS X', os.arch: 'x86_64', os.version: '10.10.5', java.version: '1.8.0_40'
Driver info: io.appium.java_client.ios.IOSDriver
Capabilities [{app=/Users/rymtest/Desktop/app_package/PAAnydoorSDK1130-1108.ipa, appPackage=, networkConnectionEnabled=false, warnings={}, appiumVersion=1.0, databaseEnabled=false, deviceName=娱乐 (2), platform=MAC, appActivity=, desired={app=/Users/rymtest/Desktop/app_package/PAAnydoorSDK1130-1108.ipa, appPackage=, appActivity=, appiumVersion=1.0, platformVersion=9.0, unicodeKeyboard=true, platformName=iOS, udid=8f023bbd000d58e34cfea2fdca1a8901d3123291, deviceName=娱乐 (2), resetKeyboard=true, autoAcceptAlerts=true}, platformVersion=9.0, webStorageEnabled=false, locationContextEnabled=false, browserName=iOS, takesScreenshot=true, javascriptEnabled=true, unicodeKeyboard=true, platformName=iOS, udid=8f023bbd000d58e34cfea2fdca1a8901d3123291, resetKeyboard=true, autoAcceptAlerts=true}]
Session ID: c31dc8f1-fe22-4ef4-ba4d-1b99c8aee2a8
	at sun.reflect.NativeConstructorAccessorImpl.newInstance0(Native Method)
	at sun.reflect.NativeConstructorAccessorImpl.newInstance(NativeConstructorAccessorImpl.java:62)
	at sun.reflect.DelegatingConstructorAccessorImpl.newInstance(DelegatingConstructorAccessorImpl.java:45)
	at java.lang.reflect.Constructor.newInstance(Constructor.java:422)
	at org.openqa.selenium.remote.ErrorHandler.createThrowable(ErrorHandler.java:204)
	at org.openqa.selenium.remote.ErrorHandler.throwIfResponseFailed(ErrorHandler.java:156)
	at org.openqa.selenium.remote.RemoteWebDriver.execute(RemoteWebDriver.java:605)
	at io.appium.java_client.DefaultGenericMobileDriver.execute(DefaultGenericMobileDriver.java:27)
	at io.appium.java_client.AppiumDriver.execute(AppiumDriver.java:1)
	at io.appium.java_client.ios.IOSDriver.execute(IOSDriver.java:1)
	at org.openqa.selenium.remote.RemoteWebElement.execute(RemoteWebElement.java:269)
	at io.appium.java_client.DefaultGenericMobileElement.execute(DefaultGenericMobileElement.java:27)
	at io.appium.java_client.MobileElement.execute(MobileElement.java:1)
	at io.appium.java_client.ios.IOSElement.execute(IOSElement.java:1)
	at org.openqa.selenium.remote.RemoteWebElement.sendKeys(RemoteWebElement.java:90)
	... 33 more
]]>
            </full-stacktrace>
          </exception> <!-- java.lang.reflect.InvocationTargetException -->
          <reporter-output>
            <line>
              <![CDATA[2016-04-15 17:14:50 : [STEP]  个人中心用例1-4-1（插件为强登，用户已登陆），超时后点击 开始跑]]>
            </line>
            <line>
              <![CDATA[2016-04-15 17:14:50 : [INFO] 模拟向右滑动]]>
            </line>
            <line>
              <![CDATA[2016-04-15 17:14:56 : [INFO] [Wait For Text : [新个人中心]] ]]>
            </line>
            <line>
              <![CDATA[2016-04-15 17:15:05 : [INFO] [点击 -> name: 新个人中心]]]>
            </line>
            <line>
              <![CDATA[2016-04-15 17:15:11 : [INFO] [Wait For Text : [一账通号/手机号/身份证号/邮箱]] ]]>
            </line>
            <line>
              <![CDATA[2016-04-15 17:15:16 : [INFO] 已弹出登录]]>
            </line>
            <line>
              <![CDATA[2016-04-15 17:15:22 : [INFO] [点击 -> xpath: //*[@value='一账通号/手机号/身份证号/邮箱']]]]>
            </line>
            <line>
              <![CDATA[2016-04-15 17:15:34 : [INFO] [输入字符 -> xpath: //*[@value='一账通号/手机号/身份证号/邮箱']]]]>
            </line>
          </reporter-output>
        </test-method> <!-- LoginYztTimeout -->
        <test-method status="PASS" signature="afterTest()[pri:0, instance:com.rym.libarary.testsuits.PersonalCenter_Test@2344fc66]" name="afterTest" is-config="true" duration-ms="37846" started-at="2016-04-15T17:15:40Z" finished-at="2016-04-15T17:16:18Z">
          <reporter-output>
            <line>
              <![CDATA[2016-04-15 17:15:40 : [INFO] [Wait For Text : [htmlbackhome]] ]]>
            </line>
            <line>
              <![CDATA[2016-04-15 17:15:45 : [INFO] [Wait For Text : [closeButton]] ]]>
            </line>
            <line>
              <![CDATA[2016-04-15 17:15:52 : [INFO] [点击 -> name: closeButton]]]>
            </line>
            <line>
              <![CDATA[2016-04-15 17:16:05 : [INFO] 当前页面插件个数为：0]]>
            </line>
            <line>
              <![CDATA[2016-04-15 17:16:05 : [INFO] 在左屏，屏幕向左滑动回到主屏]]>
            </line>
            <line>
              <![CDATA[2016-04-15 17:16:05 : [INFO] 模拟向左滑动]]>
            </line>
            <line>
              <![CDATA[2016-04-15 17:16:11 : [INFO] 找到［回到主屏］，点击回到主屏]]>
            </line>
            <line>
              <![CDATA[2016-04-15 17:16:15 : [INFO] 点击无用户体系，恢复用户体系状态]]>
            </line>
          </reporter-output>
        </test-method> <!-- afterTest -->
      </class> <!-- com.rym.libarary.testsuits.PersonalCenter_Test -->
      <class name="com.rym.libarary.testsuits.Login_Test">
        <test-method status="PASS" signature="beforeSuite(java.lang.String, java.lang.String, java.lang.String, java.lang.String, java.lang.String, java.lang.String, java.lang.String, java.lang.String, java.lang.String, int, java.lang.String, java.lang.String)[pri:0, instance:com.rym.libarary.testsuits.Login_Test@3c09711b]" name="beforeSuite" is-config="true" duration-ms="72197" started-at="2016-04-15T16:44:48Z" finished-at="2016-04-15T16:46:00Z">
          <params>
            <param index="0">
              <value>
                <![CDATA[/Users/rymtest/Desktop/app_package/]]>
              </value>
            </param>
            <param index="1">
              <value>
                <![CDATA[PAAnydoorSDK1130-1108.ipa]]>
              </value>
            </param>
            <param index="2">
              <value>
                <![CDATA[ios]]>
              </value>
            </param>
            <param index="3">
              <value>
                <![CDATA[9.0]]>
              </value>
            </param>
            <param index="4">
              <value>
                <![CDATA[娱乐 (2)]]>
              </value>
            </param>
            <param index="5">
              <value>
                <![CDATA[]]>
              </value>
            </param>
            <param index="6">
              <value>
                <![CDATA[]]>
              </value>
            </param>
            <param index="7">
              <value>
                <![CDATA[4723]]>
              </value>
            </param>
            <param index="8">
              <value>
                <![CDATA[8f023bbd000d58e34cfea2fdca1a8901d3123291]]>
              </value>
            </param>
            <param index="9">
              <value>
                <![CDATA[60]]>
              </value>
            </param>
            <param index="10">
              <value>
                <![CDATA[]]>
              </value>
            </param>
            <param index="11">
              <value>
                <![CDATA[养老险E企赢]]>
              </value>
            </param>
          </params>
          <reporter-output>
            <line>
              <![CDATA[2016-04-15 16:45:26 : [INFO] [Wait For Text : [确定]] ]]>
            </line>
            <line>
              <![CDATA[2016-04-15 16:45:43 : [INFO] [点击 -> name: AppId]]]>
            </line>
            <line>
              <![CDATA[2016-04-15 16:45:47 : [INFO] [点击 -> name: 养老险E企赢]]]>
            </line>
            <line>
              <![CDATA[2016-04-15 16:45:51 : [INFO] [点击 -> name: 进入页面]]]>
            </line>
          </reporter-output>
        </test-method> <!-- beforeSuite -->
        <test-method status="PASS" signature="afterSuite()[pri:0, instance:com.rym.libarary.testsuits.Login_Test@3c09711b]" name="afterSuite" is-config="true" duration-ms="4867" started-at="2016-04-15T17:16:18Z" finished-at="2016-04-15T17:16:23Z">
          <reporter-output>
          </reporter-output>
        </test-method> <!-- afterSuite -->
      </class> <!-- com.rym.libarary.testsuits.Login_Test -->
    </test> <!-- IPHONE-5S -->
  </suite> <!-- ipod-jianghongbo720 -->
</testng-results>
